<?xml version="1.0" encoding="UTF-8"?>
<testsuite xmlns:xsi="http://www.w3.org/2001/XMLSchema-instance" xsi:noNamespaceSchemaLocation="https://maven.apache.org/surefire/maven-surefire-plugin/xsd/surefire-test-report-3.0.xsd" version="3.0" name="data.JourneyCosterTest" time="0.041" tests="14" errors="0" skipped="0" failures="0">
  <properties>
    <property name="java.specification.version" value="21"/>
    <property name="sun.cpu.isalist" value="amd64"/>
    <property name="sun.jnu.encoding" value="Cp1252"/>
    <property name="java.class.path" value="C:\Users\aa24afl\Documents\java_fundamentals\NetBeansProjects\CarJourneyCalculator\target\test-classes;C:\Users\aa24afl\Documents\java_fundamentals\NetBeansProjects\CarJourneyCalculator\target\classes;C:\Users\aa24afl\.m2\repository\org\junit\jupiter\junit-jupiter-api\5.6.0\junit-jupiter-api-5.6.0.jar;C:\Users\aa24afl\.m2\repository\org\apiguardian\apiguardian-api\1.1.0\apiguardian-api-1.1.0.jar;C:\Users\aa24afl\.m2\repository\org\opentest4j\opentest4j\1.2.0\opentest4j-1.2.0.jar;C:\Users\aa24afl\.m2\repository\org\junit\platform\junit-platform-commons\1.6.0\junit-platform-commons-1.6.0.jar;C:\Users\aa24afl\.m2\repository\org\junit\jupiter\junit-jupiter-params\5.6.0\junit-jupiter-params-5.6.0.jar;C:\Users\aa24afl\.m2\repository\org\junit\jupiter\junit-jupiter-engine\5.6.0\junit-jupiter-engine-5.6.0.jar;C:\Users\aa24afl\.m2\repository\org\junit\platform\junit-platform-engine\1.6.0\junit-platform-engine-1.6.0.jar;"/>
    <property name="java.vm.vendor" value="Oracle Corporation"/>
    <property name="sun.arch.data.model" value="64"/>
    <property name="user.variant" value=""/>
    <property name="java.vendor.url" value="https://java.oracle.com/"/>
    <property name="user.timezone" value="Europe/London"/>
    <property name="os.name" value="Windows 11"/>
    <property name="java.vm.specification.version" value="21"/>
    <property name="user.country" value="GB"/>
    <property name="sun.java.launcher" value="SUN_STANDARD"/>
    <property name="sun.boot.library.path" value="C:\Program Files\Java\OpenJDK\21\bin"/>
    <property name="sun.java.command" value="C:\Users\aa24afl\AppData\Local\Temp\surefire3874868424229529864\surefirebooter-20250310180224396_3.jar C:\Users\aa24afl\AppData\Local\Temp\surefire3874868424229529864 2025-03-10T18-02-24_322-jvmRun1 surefire-20250310180224396_1tmp surefire_0-20250310180224396_2tmp"/>
    <property name="jdk.debug" value="release"/>
    <property name="test" value="data.JourneyCosterTest"/>
    <property name="surefire.test.class.path" value="C:\Users\aa24afl\Documents\java_fundamentals\NetBeansProjects\CarJourneyCalculator\target\test-classes;C:\Users\aa24afl\Documents\java_fundamentals\NetBeansProjects\CarJourneyCalculator\target\classes;C:\Users\aa24afl\.m2\repository\org\junit\jupiter\junit-jupiter-api\5.6.0\junit-jupiter-api-5.6.0.jar;C:\Users\aa24afl\.m2\repository\org\apiguardian\apiguardian-api\1.1.0\apiguardian-api-1.1.0.jar;C:\Users\aa24afl\.m2\repository\org\opentest4j\opentest4j\1.2.0\opentest4j-1.2.0.jar;C:\Users\aa24afl\.m2\repository\org\junit\platform\junit-platform-commons\1.6.0\junit-platform-commons-1.6.0.jar;C:\Users\aa24afl\.m2\repository\org\junit\jupiter\junit-jupiter-params\5.6.0\junit-jupiter-params-5.6.0.jar;C:\Users\aa24afl\.m2\repository\org\junit\jupiter\junit-jupiter-engine\5.6.0\junit-jupiter-engine-5.6.0.jar;C:\Users\aa24afl\.m2\repository\org\junit\platform\junit-platform-engine\1.6.0\junit-platform-engine-1.6.0.jar;"/>
    <property name="sun.cpu.endian" value="little"/>
    <property name="user.home" value="C:\Users\aa24afl"/>
    <property name="user.language" value="en"/>
    <property name="java.specification.vendor" value="Oracle Corporation"/>
    <property name="java.version.date" value="2024-01-16"/>
    <property name="java.home" value="C:\Program Files\Java\OpenJDK\21"/>
    <property name="file.separator" value="\"/>
    <property name="basedir" value="C:\Users\aa24afl\Documents\java_fundamentals\NetBeansProjects\CarJourneyCalculator"/>
    <property name="java.vm.compressedOopsMode" value="Zero based"/>
    <property name="line.separator" value="&#10;"/>
    <property name="java.vm.specification.vendor" value="Oracle Corporation"/>
    <property name="java.specification.name" value="Java Platform API Specification"/>
    <property name="surefire.real.class.path" value="C:\Users\aa24afl\AppData\Local\Temp\surefire3874868424229529864\surefirebooter-20250310180224396_3.jar"/>
    <property name="user.script" value=""/>
    <property name="sun.management.compiler" value="HotSpot 64-Bit Tiered Compilers"/>
    <property name="java.runtime.version" value="21.0.2+13-58"/>
    <property name="user.name" value="aa24afl"/>
    <property name="stdout.encoding" value="Cp1252"/>
    <property name="path.separator" value=";"/>
    <property name="os.version" value="10.0"/>
    <property name="java.runtime.name" value="OpenJDK Runtime Environment"/>
    <property name="file.encoding" value="UTF-8"/>
    <property name="java.vm.name" value="OpenJDK 64-Bit Server VM"/>
    <property name="maven.ext.class.path" value="C:\Program Files\NetBeans-21\netbeans\java\maven-nblib\netbeans-eventspy.jar;C:\Program Files\NetBeans-21\netbeans\java\maven-nblib\netbeans-eventspy.jar"/>
    <property name="localRepository" value="C:\Users\aa24afl\.m2\repository"/>
    <property name="java.vendor.url.bug" value="https://bugreport.java.com/bugreport/"/>
    <property name="java.io.tmpdir" value="C:\Users\aa24afl\AppData\Local\Temp\"/>
    <property name="java.version" value="21.0.2"/>
    <property name="user.dir" value="C:\Users\aa24afl\Documents\java_fundamentals\NetBeansProjects\CarJourneyCalculator"/>
    <property name="os.arch" value="amd64"/>
    <property name="java.vm.specification.name" value="Java Virtual Machine Specification"/>
    <property name="sun.os.patch.level" value=""/>
    <property name="native.encoding" value="Cp1252"/>
    <property name="java.library.path" value="C:\Program Files\Java\OpenJDK\21\bin;C:\WINDOWS\Sun\Java\bin;C:\WINDOWS\system32;C:\WINDOWS;C:\Python312\Scripts\;C:\Python312\;C:\Program Files\Java\OpenJDK\21\bin;C:\Program Files\Java\OpenJDK\21\;C:\Program Files (x86)\Common Files\Oracle\Java\java8path;C:\Program Files (x86)\Common Files\Oracle\Java\javapath;C:\Program Files (x86)\VMware\VMware Workstation\bin\;C:\ProgramData\Perl64\site\bin;C:\ProgramData\Perl64\bin;C:\Program Files (x86)\NVIDIA Corporation\PhysX\Common;C:\MCC;C:\Python38\Scripts\;C:\Python38\;C:\Python27\;C:\MCC;C:\program files\ActiveTcl\bin;C:\SIMULIA\Commands;C:\Program Files\Microsoft MPI\Bin\;C:\Program Files\Eclipse Foundation\jdk-8.0.302.8-hotspot\bin;C:\Windows\system32;C:\Windows;C:\Windows\System32\Wbem;C:\Windows\System32\WindowsPowerShell\v1.0\;C:\Windows\System32\OpenSSH\;C:\Program Files\Novell\iPrint;C:\Program Files\dotnet\;C:\Program Files\Common Files\Autodesk Shared\;C:\Program Files (x86)\Windows Kits\10\Windows Performance Toolkit\;C:\Program Files\Microsoft SQL Server\150\Tools\Binn\;C:\Program Files\Common Files\Autodesk Shared\Advance\;C:\Program Files (x86)\Common Files\Autodesk Shared\Advance\;C:\Program Files\MATLAB\R2024a\runtime\win64;C:\Program Files\MATLAB\R2024a\bin;C:\Program Files\Microsoft SQL Server\130\Tools\Binn\;C:\Program Files\Microsoft SQL Server\Client SDK\ODBC\170\Tools\Binn\;C:\Program Files\PuTTY\;C:\Program Files\Microchip\xc8\v2.36\bin;C:\Program Files\Azure Data Studio\bin;C:\Program Files\swipl\bin;C:\Program Files\MiKTeX\miktex\bin\x64\;C:\Program Files (x86)\Microsoft SQL Server\160\DTS\Binn\;C:\Program Files (x86)\Windows Kits\8.1\Windows Performance Toolkit\;C:\Program Files\Ricardo\bin;C:\Program Files\Git\cmd;C:\Program Files (x86)\Lua\5.1;C:\Program Files (x86)\Lua\5.1\clibs;C:\Program Files\Maven\3.9.7\bin;C:\Program Files\gs\gs10.03.0\bin;C:\Program Files\Graphviz\bin;C:\Program Files\Microsoft VS Code\bin;C:\Program Files\nodejs\;C:\ProgramData\chocolatey\bin;C:\Program Files\NVIDIA Corporation\NVIDIA NvDLISR;C:\Program Files\Docker\Docker\resources\bin;C:\Program Files\PowerShell\7\;C:\Program Files\Common Files\Quanser\bin\;C:\Program Files\Quanser\QUARC\;C:\Users\aa24afl\AppData\Local\Microsoft\WindowsApps;;."/>
    <property name="java.vm.info" value="mixed mode, sharing"/>
    <property name="stderr.encoding" value="Cp1252"/>
    <property name="java.vendor" value="Oracle Corporation"/>
    <property name="java.vm.version" value="21.0.2+13-58"/>
    <property name="sun.io.unicode.encoding" value="UnicodeLittle"/>
    <property name="java.class.version" value="65.0"/>
  </properties>
  <testcase name="testAddPropertyChangeListener" classname="data.JourneyCosterTest" time="0.018">
    <system-out><![CDATA[addPropertyChangeListener
]]></system-out>
  </testcase>
  <testcase name="testGetMiles" classname="data.JourneyCosterTest" time="0.0"/>
  <testcase name="testSetJourneyValues_InvalidPricePerLitre" classname="data.JourneyCosterTest" time="0.001"/>
  <testcase name="testSetJourneyValues_NullMiles" classname="data.JourneyCosterTest" time="0.0"/>
  <testcase name="testSetJourneyValues_NegativePricePerLitre" classname="data.JourneyCosterTest" time="0.001"/>
  <testcase name="testSetJourneyValues_InvalidMpg" classname="data.JourneyCosterTest" time="0.001"/>
  <testcase name="testSetJourneyValues_CorrectInput" classname="data.JourneyCosterTest" time="0.001">
    <system-out><![CDATA[setJourneyValues
]]></system-out>
  </testcase>
  <testcase name="testSetJourneyValues_NullPricePerLitre" classname="data.JourneyCosterTest" time="0.002"/>
  <testcase name="testSetJourneyValues_NullMpg" classname="data.JourneyCosterTest" time="0.001"/>
  <testcase name="testSetJourneyValues_NegativeMpg" classname="data.JourneyCosterTest" time="0.001"/>
  <testcase name="testSetJourneyValues_NegativeMiles" classname="data.JourneyCosterTest" time="0.001"/>
  <testcase name="testGetMpg" classname="data.JourneyCosterTest" time="0.0"/>
  <testcase name="testGetPricePerLitre" classname="data.JourneyCosterTest" time="0.0"/>
  <testcase name="testSetJourneyValues_InvalidMiles" classname="data.JourneyCosterTest" time="0.001"/>
</testsuite>